Sat Oct 16 19:33:28 2010 (PID:10769) : |   Info | -> MSG: Starting...
Sat Oct 16 19:33:28 2010 (PID:10769) : | Warning | Computer: name:'dh115112.bennington.edu' id:'3' : -> MSG: WARNING: Adding default pool. DRQUEUE_POOL not set, joining "Default"
Sat Oct 16 19:33:28 2010 (PID:10769) : |   Info | Computer: name:'dh115112.bennington.edu' id:'3' : -> MSG: List of pools follows:
Sat Oct 16 19:33:28 2010 (PID:10769) : |   Info | Computer: name:'dh115112.bennington.edu' id:'3' : -> MSG: Pool number: 0 -- Pool name: 'Default'
Sat Oct 16 19:33:28 2010 (PID:10770) : |   Info | Computer: name:'dh115112.bennington.edu' id:'3' : -> MSG: Listener process starting...
Sat Oct 16 19:33:28 2010 (PID:10770) : |   Info | Computer: name:'dh115112.bennington.edu' id:'3' : -> MSG: Slave waiting for remote requests
Sat Oct 16 19:33:28 2010 (PID:10771) : |   Info | Computer: name:'dh115112.bennington.edu' id:'3' : -> MSG: Consistency process starting...
Sat Oct 16 19:50:16 2010 (PID:11141) : |   Info | -> MSG: Starting...
Sat Oct 16 19:50:16 2010 (PID:11141) : | Warning | Computer: name:'dh115112.bennington.edu' id:'3' : -> MSG: WARNING: Adding default pool. DRQUEUE_POOL not set, joining "Default"
Sat Oct 16 19:50:16 2010 (PID:11141) : |   Info | Computer: name:'dh115112.bennington.edu' id:'3' : -> MSG: List of pools follows:
Sat Oct 16 19:50:16 2010 (PID:11141) : |   Info | Computer: name:'dh115112.bennington.edu' id:'3' : -> MSG: Pool number: 0 -- Pool name: 'Default'
Sat Oct 16 19:50:16 2010 (PID:11142) : |   Info | Computer: name:'dh115112.bennington.edu' id:'3' : -> MSG: Listener process starting...
Sat Oct 16 19:50:16 2010 (PID:11143) : |   Info | Computer: name:'dh115112.bennington.edu' id:'3' : -> MSG: Consistency process starting...
Sat Oct 16 19:50:16 2010 (PID:11142) : |   Info | Computer: name:'dh115112.bennington.edu' id:'3' : -> MSG: Slave waiting for remote requests
Thu Oct 21 15:57:15 2010 (PID:142) : |  ERROR | -> MSG: Error checking the environment: Directory for temporary files ($DRQUEUE_TMP) does not exist or is not writeable
Thu Oct 21 16:04:10 2010 (PID:191) : |  ERROR | -> MSG: Error checking the environment: Directory for temporary files ($DRQUEUE_TMP) does not exist or is not writeable
Thu Oct 21 16:04:57 2010 (PID:212) : |  ERROR | -> MSG: Error checking the environment: Directory for temporary files ($DRQUEUE_TMP) does not exist or is not writeable
Thu Oct 21 16:05:44 2010 (PID:230) : |   Info | -> MSG: Starting...
Thu Oct 21 16:05:44 2010 (PID:230) : | Warning | Computer: name:'dh115112.bennington.edu' id:'0' : -> MSG: WARNING: Adding default pool. DRQUEUE_POOL not set, joining "Default"
Thu Oct 21 16:05:44 2010 (PID:230) : |   Info | Computer: name:'dh115112.bennington.edu' id:'0' : -> MSG: List of pools follows:
Thu Oct 21 16:05:44 2010 (PID:230) : |   Info | Computer: name:'dh115112.bennington.edu' id:'0' : -> MSG: Pool number: 0 -- Pool name: 'Default'
Thu Oct 21 16:05:44 2010 (PID:231) : |   Info | Computer: name:'dh115112.bennington.edu' id:'0' : -> MSG: Listener process starting...
Thu Oct 21 16:05:44 2010 (PID:232) : |   Info | Computer: name:'dh115112.bennington.edu' id:'0' : -> MSG: Consistency process starting...
Thu Oct 21 16:05:44 2010 (PID:231) : |   Info | Computer: name:'dh115112.bennington.edu' id:'0' : -> MSG: Slave waiting for remote requests
Thu Oct 21 16:06:09 2010 (PID:247) : |  ERROR | -> MSG: get_shared_memory_slave(): error allocating shared memory space (shmget): File exists
Thu Oct 21 16:17:35 2010 (PID:230) : |   Info | Computer: name:'dh115112.bennington.edu' id:'0' : -> MSG: Cleaning...
Thu Oct 21 16:22:05 2010 (PID:593) : |  ERROR | -> MSG: get_shared_memory_slave(): error allocating shared memory space (shmget): File exists
