Sat Oct 16 19:29:13 2010 (PID:16650) : |   Info | -> MSG: Starting...
Sat Oct 16 19:29:13 2010 (PID:16650) : | Warning | Computer: name:'dh115129.bennington.edu' id:'1' : -> MSG: WARNING: Adding default pool. DRQUEUE_POOL not set, joining "Default"
Sat Oct 16 19:29:13 2010 (PID:16650) : |   Info | Computer: name:'dh115129.bennington.edu' id:'1' : -> MSG: List of pools follows:
Sat Oct 16 19:29:13 2010 (PID:16650) : |   Info | Computer: name:'dh115129.bennington.edu' id:'1' : -> MSG: Pool number: 0 -- Pool name: 'Default'
Sat Oct 16 19:29:13 2010 (PID:16651) : |   Info | Computer: name:'dh115129.bennington.edu' id:'1' : -> MSG: Listener process starting...
Sat Oct 16 19:29:13 2010 (PID:16651) : |   Info | Computer: name:'dh115129.bennington.edu' id:'1' : -> MSG: Slave waiting for remote requests
Sat Oct 16 19:29:13 2010 (PID:16652) : |   Info | Computer: name:'dh115129.bennington.edu' id:'1' : -> MSG: Consistency process starting...
Sat Oct 16 19:51:31 2010 (PID:17015) : |   Info | -> MSG: Starting...
Sat Oct 16 19:51:31 2010 (PID:17015) : | Warning | Computer: name:'dh115129.bennington.edu' id:'2' : -> MSG: WARNING: Adding default pool. DRQUEUE_POOL not set, joining "Default"
Sat Oct 16 19:51:31 2010 (PID:17015) : |   Info | Computer: name:'dh115129.bennington.edu' id:'2' : -> MSG: List of pools follows:
Sat Oct 16 19:51:31 2010 (PID:17015) : |   Info | Computer: name:'dh115129.bennington.edu' id:'2' : -> MSG: Pool number: 0 -- Pool name: 'Default'
Sat Oct 16 19:51:31 2010 (PID:17016) : |   Info | Computer: name:'dh115129.bennington.edu' id:'2' : -> MSG: Listener process starting...
Sat Oct 16 19:51:31 2010 (PID:17017) : |   Info | Computer: name:'dh115129.bennington.edu' id:'2' : -> MSG: Consistency process starting...
Sat Oct 16 19:51:31 2010 (PID:17016) : |   Info | Computer: name:'dh115129.bennington.edu' id:'2' : -> MSG: Slave waiting for remote requests
Sun Oct 17 10:56:36 2010 (PID:21186) : |   Info | -> MSG: Starting...
Sun Oct 17 10:56:36 2010 (PID:21186) : | Warning | Computer: name:'dh115129.bennington.edu' id:'2' : -> MSG: WARNING: Adding default pool. DRQUEUE_POOL not set, joining "Default"
Sun Oct 17 10:56:36 2010 (PID:21186) : |   Info | Computer: name:'dh115129.bennington.edu' id:'2' : -> MSG: List of pools follows:
Sun Oct 17 10:56:36 2010 (PID:21186) : |   Info | Computer: name:'dh115129.bennington.edu' id:'2' : -> MSG: Pool number: 0 -- Pool name: 'Default'
Sun Oct 17 10:56:36 2010 (PID:21187) : |   Info | Computer: name:'dh115129.bennington.edu' id:'2' : -> MSG: Listener process starting...
Sun Oct 17 10:56:36 2010 (PID:21188) : |   Info | Computer: name:'dh115129.bennington.edu' id:'2' : -> MSG: Consistency process starting...
Sun Oct 17 10:56:36 2010 (PID:21187) : |   Info | Computer: name:'dh115129.bennington.edu' id:'2' : -> MSG: Slave waiting for remote requests
Sun Oct 17 11:12:31 2010 (PID:21529) : |  ERROR | -> MSG: get_shared_memory_slave(): error allocating shared memory space (shmget): File exists
Sun Oct 17 11:17:46 2010 (PID:21561) : |   Info | -> MSG: Starting...
Sun Oct 17 11:17:46 2010 (PID:21561) : | Warning | Computer: name:'dh115129.bennington.edu' id:'2' : -> MSG: WARNING: Adding default pool. DRQUEUE_POOL not set, joining "Default"
Sun Oct 17 11:17:46 2010 (PID:21561) : |   Info | Computer: name:'dh115129.bennington.edu' id:'2' : -> MSG: List of pools follows:
Sun Oct 17 11:17:46 2010 (PID:21561) : |   Info | Computer: name:'dh115129.bennington.edu' id:'2' : -> MSG: Pool number: 0 -- Pool name: 'Default'
Sun Oct 17 11:17:46 2010 (PID:21562) : |   Info | Computer: name:'dh115129.bennington.edu' id:'2' : -> MSG: Listener process starting...
Sun Oct 17 11:17:46 2010 (PID:21563) : |   Info | Computer: name:'dh115129.bennington.edu' id:'2' : -> MSG: Consistency process starting...
Sun Oct 17 11:17:46 2010 (PID:21562) : |   Info | Computer: name:'dh115129.bennington.edu' id:'2' : -> MSG: Slave waiting for remote requests
Sun Oct 17 11:44:51 2010 (PID:22761) : |   Info | -> MSG: Starting...
Sun Oct 17 11:44:51 2010 (PID:22761) : | Warning | Computer: name:'dh115129.bennington.edu' id:'2' : -> MSG: WARNING: Adding default pool. DRQUEUE_POOL not set, joining "Default"
Sun Oct 17 11:44:51 2010 (PID:22761) : |   Info | Computer: name:'dh115129.bennington.edu' id:'2' : -> MSG: List of pools follows:
Sun Oct 17 11:44:51 2010 (PID:22761) : |   Info | Computer: name:'dh115129.bennington.edu' id:'2' : -> MSG: Pool number: 0 -- Pool name: 'Default'
Sun Oct 17 11:44:51 2010 (PID:22762) : |   Info | Computer: name:'dh115129.bennington.edu' id:'2' : -> MSG: Listener process starting...
Sun Oct 17 11:44:51 2010 (PID:22763) : |   Info | Computer: name:'dh115129.bennington.edu' id:'2' : -> MSG: Consistency process starting...
Sun Oct 17 11:44:51 2010 (PID:22762) : |   Info | Computer: name:'dh115129.bennington.edu' id:'2' : -> MSG: Slave waiting for remote requests
Sun Oct 17 12:32:40 2010 (PID:23584) : |   Info | -> MSG: Starting...
Sun Oct 17 12:32:40 2010 (PID:23584) : | Warning | Computer: name:'dh115129.bennington.edu' id:'2' : -> MSG: WARNING: Adding default pool. DRQUEUE_POOL not set, joining "Default"
Sun Oct 17 12:32:40 2010 (PID:23584) : |   Info | Computer: name:'dh115129.bennington.edu' id:'2' : -> MSG: List of pools follows:
Sun Oct 17 12:32:40 2010 (PID:23584) : |   Info | Computer: name:'dh115129.bennington.edu' id:'2' : -> MSG: Pool number: 0 -- Pool name: 'Default'
Sun Oct 17 12:32:40 2010 (PID:23585) : |   Info | Computer: name:'dh115129.bennington.edu' id:'2' : -> MSG: Listener process starting...
Sun Oct 17 12:32:40 2010 (PID:23586) : |   Info | Computer: name:'dh115129.bennington.edu' id:'2' : -> MSG: Consistency process starting...
Sun Oct 17 12:32:40 2010 (PID:23585) : |   Info | Computer: name:'dh115129.bennington.edu' id:'2' : -> MSG: Slave waiting for remote requests
