Fri Oct 15 12:06:00 2010 (PID:22785) : |   Info | -> MSG: Starting...
Fri Oct 15 12:06:00 2010 (PID:22785) : | Warning | Computer: name:'dh115165.bennington.edu' id:'0' : -> MSG: WARNING: Adding default pool. DRQUEUE_POOL not set, joining "Default"
Fri Oct 15 12:06:00 2010 (PID:22785) : |   Info | Computer: name:'dh115165.bennington.edu' id:'0' : -> MSG: List of pools follows:
Fri Oct 15 12:06:00 2010 (PID:22785) : |   Info | Computer: name:'dh115165.bennington.edu' id:'0' : -> MSG: Pool number: 0 -- Pool name: 'Default'
Fri Oct 15 12:06:00 2010 (PID:22786) : |   Info | Computer: name:'dh115165.bennington.edu' id:'0' : -> MSG: Listener process starting...
Fri Oct 15 12:06:00 2010 (PID:22786) : |   Info | Computer: name:'dh115165.bennington.edu' id:'0' : -> MSG: Slave waiting for remote requests
Fri Oct 15 12:06:00 2010 (PID:22787) : |   Info | Computer: name:'dh115165.bennington.edu' id:'0' : -> MSG: Consistency process starting...
Fri Oct 15 12:08:13 2010 (PID:23409) : |   Info | -> MSG: Starting...
Fri Oct 15 12:08:13 2010 (PID:23409) : | Warning | Computer: name:'dh115165.bennington.edu' id:'0' : -> MSG: WARNING: Adding default pool. DRQUEUE_POOL not set, joining "Default"
Fri Oct 15 12:08:13 2010 (PID:23409) : |   Info | Computer: name:'dh115165.bennington.edu' id:'0' : -> MSG: List of pools follows:
Fri Oct 15 12:08:13 2010 (PID:23409) : |   Info | Computer: name:'dh115165.bennington.edu' id:'0' : -> MSG: Pool number: 0 -- Pool name: 'Default'
Fri Oct 15 12:08:13 2010 (PID:23410) : |   Info | Computer: name:'dh115165.bennington.edu' id:'0' : -> MSG: Listener process starting...
Fri Oct 15 12:08:13 2010 (PID:23410) : |   Info | Computer: name:'dh115165.bennington.edu' id:'0' : -> MSG: Slave waiting for remote requests
Fri Oct 15 12:08:13 2010 (PID:23411) : |   Info | Computer: name:'dh115165.bennington.edu' id:'0' : -> MSG: Consistency process starting...
Fri Oct 15 12:47:26 2010 (PID:24070) : |   Info | -> MSG: Starting...
Fri Oct 15 12:47:26 2010 (PID:24070) : | Warning | Computer: name:'dh115165.bennington.edu' id:'0' : -> MSG: WARNING: Adding default pool. DRQUEUE_POOL not set, joining "Default"
Fri Oct 15 12:47:26 2010 (PID:24070) : |   Info | Computer: name:'dh115165.bennington.edu' id:'0' : -> MSG: List of pools follows:
Fri Oct 15 12:47:26 2010 (PID:24070) : |   Info | Computer: name:'dh115165.bennington.edu' id:'0' : -> MSG: Pool number: 0 -- Pool name: 'Default'
Fri Oct 15 12:47:26 2010 (PID:24072) : |   Info | Computer: name:'dh115165.bennington.edu' id:'0' : -> MSG: Consistency process starting...
Fri Oct 15 12:47:26 2010 (PID:24071) : |   Info | Computer: name:'dh115165.bennington.edu' id:'0' : -> MSG: Listener process starting...
Fri Oct 15 12:47:26 2010 (PID:24071) : |   Info | Computer: name:'dh115165.bennington.edu' id:'0' : -> MSG: Slave waiting for remote requests
Fri Oct 15 12:48:58 2010 (PID:24070) : |   Info | Computer: name:'dh115165.bennington.edu' id:'0' : -> MSG: Cleaning...
Fri Oct 15 12:58:03 2010 (PID:24144) : |   Info | -> MSG: Starting...
Fri Oct 15 12:58:03 2010 (PID:24144) : | Warning | Computer: name:'dh115165.bennington.edu' id:'0' : -> MSG: WARNING: Adding default pool. DRQUEUE_POOL not set, joining "Default"
Fri Oct 15 12:58:03 2010 (PID:24144) : |   Info | Computer: name:'dh115165.bennington.edu' id:'0' : -> MSG: List of pools follows:
Fri Oct 15 12:58:03 2010 (PID:24144) : |   Info | Computer: name:'dh115165.bennington.edu' id:'0' : -> MSG: Pool number: 0 -- Pool name: 'Default'
Fri Oct 15 12:58:03 2010 (PID:24145) : |   Info | Computer: name:'dh115165.bennington.edu' id:'0' : -> MSG: Listener process starting...
Fri Oct 15 12:58:03 2010 (PID:24145) : |   Info | Computer: name:'dh115165.bennington.edu' id:'0' : -> MSG: Slave waiting for remote requests
Fri Oct 15 12:58:03 2010 (PID:24146) : |   Info | Computer: name:'dh115165.bennington.edu' id:'0' : -> MSG: Consistency process starting...
