Sat Oct 16 19:30:49 2010 (PID:16560) : |   Info | -> MSG: Starting...
Sat Oct 16 19:30:49 2010 (PID:16560) : | Warning | Computer: name:'dh115115.bennington.edu' id:'2' : -> MSG: WARNING: Adding default pool. DRQUEUE_POOL not set, joining "Default"
Sat Oct 16 19:30:49 2010 (PID:16560) : |   Info | Computer: name:'dh115115.bennington.edu' id:'2' : -> MSG: List of pools follows:
Sat Oct 16 19:30:49 2010 (PID:16560) : |   Info | Computer: name:'dh115115.bennington.edu' id:'2' : -> MSG: Pool number: 0 -- Pool name: 'Default'
Sat Oct 16 19:30:49 2010 (PID:16561) : |   Info | Computer: name:'dh115115.bennington.edu' id:'2' : -> MSG: Listener process starting...
Sat Oct 16 19:30:49 2010 (PID:16562) : |   Info | Computer: name:'dh115115.bennington.edu' id:'2' : -> MSG: Consistency process starting...
Sat Oct 16 19:30:49 2010 (PID:16561) : |   Info | Computer: name:'dh115115.bennington.edu' id:'2' : -> MSG: Slave waiting for remote requests
Sat Oct 16 19:51:27 2010 (PID:16974) : |   Info | -> MSG: Starting...
Sat Oct 16 19:51:27 2010 (PID:16974) : | Warning | Computer: name:'dh115115.bennington.edu' id:'1' : -> MSG: WARNING: Adding default pool. DRQUEUE_POOL not set, joining "Default"
Sat Oct 16 19:51:27 2010 (PID:16974) : |   Info | Computer: name:'dh115115.bennington.edu' id:'1' : -> MSG: List of pools follows:
Sat Oct 16 19:51:27 2010 (PID:16974) : |   Info | Computer: name:'dh115115.bennington.edu' id:'1' : -> MSG: Pool number: 0 -- Pool name: 'Default'
Sat Oct 16 19:51:27 2010 (PID:16976) : |   Info | Computer: name:'dh115115.bennington.edu' id:'1' : -> MSG: Consistency process starting...
Sat Oct 16 19:51:27 2010 (PID:16975) : |   Info | Computer: name:'dh115115.bennington.edu' id:'1' : -> MSG: Listener process starting...
Sat Oct 16 19:51:27 2010 (PID:16975) : |   Info | Computer: name:'dh115115.bennington.edu' id:'1' : -> MSG: Slave waiting for remote requests
Sun Oct 17 11:33:22 2010 (PID:22359) : |  ERROR | -> MSG: get_shared_memory_slave(): error allocating shared memory space (shmget): File exists
Sun Oct 17 11:34:37 2010 (PID:22377) : |   Info | -> MSG: Starting...
Sun Oct 17 11:34:37 2010 (PID:22377) : | Warning | Computer: name:'dh115115.bennington.edu' id:'1' : -> MSG: WARNING: Adding default pool. DRQUEUE_POOL not set, joining "Default"
Sun Oct 17 11:34:37 2010 (PID:22377) : |   Info | Computer: name:'dh115115.bennington.edu' id:'1' : -> MSG: List of pools follows:
Sun Oct 17 11:34:37 2010 (PID:22377) : |   Info | Computer: name:'dh115115.bennington.edu' id:'1' : -> MSG: Pool number: 0 -- Pool name: 'Default'
Sun Oct 17 11:34:37 2010 (PID:22378) : |   Info | Computer: name:'dh115115.bennington.edu' id:'1' : -> MSG: Listener process starting...
Sun Oct 17 11:34:37 2010 (PID:22379) : |   Info | Computer: name:'dh115115.bennington.edu' id:'1' : -> MSG: Consistency process starting...
Sun Oct 17 11:34:37 2010 (PID:22378) : |   Info | Computer: name:'dh115115.bennington.edu' id:'1' : -> MSG: Slave waiting for remote requests
